Data:

['0134: 02 Sensor 1 WR Lambda Current', <Quantity(-0.08984375, 'milliampere')>]
['0130: Number of warm-ups since codes cleared', <Quantity(0, 'count')>]
['0131: Distance traveled since codes cleared', <Quantity(0, 'kilometer')>]
['0132: Evaporative system vapor pressure', <Quantity(-238.25, 'pascal')>]
['0133: Barometric Pressure', <Quantity(99, 'kilopascal')>]
['0233: DTC Barometric Pressure', None]
['0232: DTC Evaporative system vapor pressure', None]
['0231: DTC Distance traveled since codes cleared', None]
['0230: DTC Number of warm-ups since codes cleared', None]
['0234: DTC 02 Sensor 1 WR Lambda Current', None]
['0141: Monitor status this drive cycle', <obd.OBDResponse.Status instance at 0x7fe3c0d27b90>]
['0140: Supported PIDs [41-60]', <obd.utils.bitarray instance at 0x7fe3c0d27f38>]
['0143: Absolute load value', <Quantity(23.137254902, 'percent')>]
['012D: EGR Error', <Quantity(0.0, 'percent')>]
['012C: Commanded EGR', <Quantity(0.0, 'percent')>]
['0144: Commanded equivalence ratio', <Quantity(0.993995, 'ratio')>]
['0147: Absolute throttle position B', <Quantity(31.3725490196, 'percent')>]
['0146: Ambient air temperature', <Quantity(25, 'degC')>]
['0149: Accelerator pedal position D', <Quantity(12.9411764706, 'percent')>]
['0639: EVAP Monitor (Cap Off / 0.150")', <obd.OBDResponse.Monitor instance at 0x7fe3c0d33320>]
['014A: Accelerator pedal position E', <Quantity(12.5490196078, 'percent')>]
['014C: Commanded throttle actuator', <Quantity(0.0, 'percent')>]
['0124: 02 Sensor 1 WR Lambda Voltage', <Quantity(2.19510185397, 'volt')>]
['014E: Time since trouble codes cleared', <Quantity(1, 'minute')>]
['014D: Time run with MIL on', <Quantity(0, 'minute')>]
['0121: Distance Traveled with MIL on', <Quantity(0, 'kilometer')>]
['0120: Supported PIDs [21-40]', <obd.utils.bitarray instance at 0x7fe3c0d337e8>]
['06A5: Misfire Cylinder 4 Data', <obd.OBDResponse.Monitor instance at 0x7fe3c0d33878>]
['06A4: Misfire Cylinder 3 Data', <obd.OBDResponse.Monitor instance at 0x7fe3c0d33a28>]
['0680: Supported MIDs [81-A0]', <obd.utils.bitarray instance at 0x7fe3c0d33c20>]
['06A1: Misfire Monitor General Data', <obd.OBDResponse.Monitor instance at 0x7fe3c0d33cf8>]
['06A0: Supported MIDs [A1-C0]', <obd.utils.bitarray instance at 0x7fe3c0d33ef0>]
['06A3: Misfire Cylinder 2 Data', <obd.OBDResponse.Monitor instance at 0x7fe3c0d33fc8>]
['06A2: Misfire Cylinder 1 Data', <obd.OBDResponse.Monitor instance at 0x7fe3c0d3a1b8>]
['0602: O2 Sensor Monitor Bank 1 - Sensor 2', <obd.OBDResponse.Monitor instance at 0x7fe3c0d3a320>]
['0600: Supported MIDs [01-20]', <obd.utils.bitarray instance at 0x7fe3c0d3a638>]
['0601: O2 Sensor Monitor Bank 1 - Sensor 1', <obd.OBDResponse.Monitor instance at 0x7fe3c0d3a6c8>]
['013C: Catalyst Temperature: Bank 1 - Sensor 1', <Quantity(207.2, 'degC')>]
['023C: DTC Catalyst Temperature: Bank 1 - Sensor 1', None]
['0113: O2 Sensors Present', ((), (False, False, False, False), (False, False, True, True))]
['0110: Air Flow Rate (MAF)', <Quantity(4.7, 'gps')>]
['0111: Throttle Position', <Quantity(14.1176470588, 'percent')>]
['0115: O2: Bank 1 - Sensor 2 Voltage', <Quantity(0.06, 'volt')>]
['03: Get DTCs', []]
['07: Get DTCs from the current/last driving cycle', []]
['04: Clear DTCs and Freeze data', None]
['0206: DTC Short Term Fuel Trim - Bank 1', None]
['0207: DTC Long Term Fuel Trim - Bank 1', None]
['0204: DTC Calculated Engine Load', None]
['0205: DTC Engine Coolant Temperature', None]
['0203: DTC Fuel System Status', None]
['0201: DTC Status since DTCs cleared', None]
['010E: Timing Advance', <Quantity(12.5, 'degree')>]
['010D: Vehicle Speed', <Quantity(0, 'kph')>]
['010F: Intake Air Temp', <Quantity(33, 'degC')>]
['010C: Engine RPM', <Quantity(822.75, 'revolutions_per_minute')>]
['010B: Intake Manifold Pressure', <Quantity(38, 'kilopascal')>]
['020F: DTC Intake Air Temp', None]
['020D: DTC Vehicle Speed', None]
['020E: DTC Timing Advance', None]
['020B: DTC Intake Manifold Pressure', None]
['020C: DTC Engine RPM', None]
['0105: Engine Coolant Temperature', <Quantity(60, 'degC')>]
['0104: Calculated Engine Load', <Quantity(25.8823529412, 'percent')>]
['0107: Long Term Fuel Trim - Bank 1', <Quantity(-3.125, 'percent')>]
['0106: Short Term Fuel Trim - Bank 1', <Quantity(0.78125, 'percent')>]
['0101: Status since DTCs cleared', <obd.OBDResponse.Status instance at 0x7fe3c0cc26c8>]
['0100: Supported PIDs [01-20]', <obd.utils.bitarray instance at 0x7fe3c0cc2a70>]
['0103: Fuel System Status', ('Closed loop, using oxygen sensor feedback to determine fuel mix', '')]
['0211: DTC Throttle Position', None]
['011C: OBD Standards Compliance', 'OBD and OBD-II']
['0213: DTC O2 Sensors Present', None]
['0215: DTC O2: Bank 1 - Sensor 2 Voltage', None]
['0660: Supported MIDs [61-80]', <obd.utils.bitarray instance at 0x7fe3c0cc2d40>]
['021C: DTC OBD Standards Compliance', None]
['ATI: ELM327 version string', u'ELM327 v1.5']
['024A: DTC Accelerator pedal position E', None]
['012F: Fuel Level Input', <Quantity(74.5098039216, 'percent')>]
['021F: DTC Engine Run Time', None]
['012E: Commanded Evaporative Purge', <Quantity(0.0, 'percent')>]
['024C: DTC Commanded throttle actuator', None]
['0142: Control module voltage', <Quantity(14.16, 'volt')>]
['024D: DTC Time run with MIL on', None]
['024E: DTC Time since trouble codes cleared', None]
['0145: Relative throttle position', <Quantity(2.74509803922, 'percent')>]
['0631: EGR Monitor Bank 1', <obd.OBDResponse.Monitor instance at 0x7fe3c0cc6290>]
['0242: DTC Control module voltage', None]
['0243: DTC Absolute load value', None]
['0240: DTC Supported PIDs [41-60]', None]
['0241: DTC Monitor status this drive cycle', None]
['0246: DTC Ambient air temperature', None]
['0247: DTC Absolute throttle position B', None]
['0244: DTC Commanded equivalence ratio', None]
['0245: DTC Relative throttle position', None]
['0249: DTC Accelerator pedal position D', None]
['ATRV: Voltage detected by OBD-II adapter', None]
['0642: O2 Sensor Heater Monitor Bank 1 - Sensor 2', <obd.OBDResponse.Monitor instance at 0x7fe3c0cc67e8>]
['0640: Supported MIDs [41-60]', <obd.utils.bitarray instance at 0x7fe3c0cc6998>]
['0641: O2 Sensor Heater Monitor Bank 1 - Sensor 1', <obd.OBDResponse.Monitor instance at 0x7fe3c0cc6a28>]
['015A: Relative accelerator pedal position', <Quantity(0.0, 'percent')>]
['0251: DTC Fuel Type', None]
['063D: Purge Flow Monitor', <obd.OBDResponse.Monitor instance at 0x7fe3c0cc6c68>]
['063C: EVAP Monitor (0.020")', <obd.OBDResponse.Monitor instance at 0x7fe3c0cc6d88>]
['063B: EVAP Monitor (0.040")', <obd.OBDResponse.Monitor instance at 0x7fe3c0cc6ef0>]
['0210: DTC Air Flow Rate (MAF)', None]
['011F: Engine Run Time', <Quantity(114, 'second')>]
['022C: DTC Commanded EGR', None]
['022D: DTC EGR Error', None]
['022E: DTC Commanded Evaporative Purge', None]
['022F: DTC Fuel Level Input', None]
['0220: DTC Supported PIDs [21-40]', None]
['0221: DTC Distance Traveled with MIL on', None]
['0224: DTC 02 Sensor 1 WR Lambda Voltage', None]
['0620: Supported MIDs [21-40]', <obd.utils.bitarray instance at 0x7fe3c0cce440>]
['0621: Catalyst Monitor Bank 1', <obd.OBDResponse.Monitor instance at 0x7fe3c0cce518>]
['0151: Fuel Type', 'Gasoline']
['025A: DTC Relative accelerator pedal position', None]